date: "2015-04-21 00:29:08.132"
argv: node /usr/local/bin/hexo deploy
os: Darwin 14.1.0 darwin x64
versions:
  http_parser: "1.0"
  node: 0.10.35
  v8: 3.14.5.9
  ares: 1.9.0-DEV
  uv: 0.10.30
  zlib: 1.2.8
  modules: "11"
  openssl: 1.0.1j
  hexo: 2.8.3
---
[debug] 00:29:07.362 Config file loaded from /Users/wumengyuan/coding/blog/_config.yml[debug] 00:29:07.365 Version info checked successfully[debug] 00:29:07.399 Loading database.[debug] 00:29:07.471 Processed: draft.md (3ms)[debug] 00:29:07.471 Processed: photo.md (2ms)[debug] 00:29:07.479 Processed: page.md (10ms)[debug] 00:29:07.479 Processed: post.md (10ms)[debug] 00:29:07.760 Plugin loaded successfully: hexo-deployer-git[debug] 00:29:07.778 Plugin loaded successfully: hexo-generator-feed[debug] 00:29:07.799 Plugin loaded successfully: hexo-renderer-ejs[debug] 00:29:07.829 Plugin loaded successfully: hexo-renderer-marked[debug] 00:29:08.120 Plugin loaded successfully: hexo-renderer-stylus[info] 00:29:08.122 Start deploying: git[error] 00:29:08.124 TypeError: Arguments to path.join must be strings
TypeError: Arguments to path.join must be strings
    at path.js:360:15
    at Array.filter (native)
    at Object.exports.join (path.js:358:36)
    at Object.module.exports [as git] (/Users/wumengyuan/coding/blog/node_modules/hexo-deployer-git/lib/deployer.js:18:26)
    at /usr/local/lib/node_modules/hexo/lib/plugins/console/deploy.js:76:22
    at iterate (/usr/local/lib/node_modules/hexo/node_modules/async/lib/async.js:149:13)
    at Object.async.eachSeries (/usr/local/lib/node_modules/hexo/node_modules/async/lib/async.js:165:9)
    at /usr/local/lib/node_modules/hexo/lib/plugins/console/deploy.js:66:11
    at /usr/local/lib/node_modules/hexo/lib/plugins/console/deploy.js:32:27
    at Object.cb [as oncomplete] (evalmachine.<anonymous>:169:19)
